Command line invocation:
    /Applications/Xcode.app/Contents/Developer/usr/bin/xcodebuild build -project jibunAI-ios/jibunAI-ios.xcodeproj -target jibunAI-ios -destination "platform=iOS Simulator,name=iPhone 15" CODE_SIGNING_REQUIRED=NO CODE_SIGN_IDENTITY= CODE_SIGNING_ALLOWED=NO

Build settings from command line:
    CODE_SIGN_IDENTITY = 
    CODE_SIGNING_ALLOWED = NO
    CODE_SIGNING_REQUIRED = NO

Resolve Package Graph

Fetching from https://github.com/google/abseil-cpp-binary.git (cached)

Fetching from https://github.com/firebase/leveldb.git (cached)

Fetching from https://github.com/google/promises.git (cached)

Fetching from https://github.com/firebase/nanopb.git (cached)

Fetching from https://github.com/openid/AppAuth-iOS.git (cached)

Fetching from https://github.com/google/interop-ios-for-google-sdks.git (cached)

Fetching from https://github.com/airbnb/lottie-ios (cached)

Fetching from https://github.com/google/GoogleDataTransport.git (cached)

Fetching from https://github.com/onevcat/Kingfisher (cached)

Fetching from https://github.com/apple/swift-protobuf.git (cached)

Fetching from https://github.com/google/GoogleAppMeasurement.git (cached)

Fetching from https://github.com/line/line-sdk-ios-swift (cached)

Fetching from https://github.com/google/app-check.git (cached)

Fetching from https://github.com/google/grpc-binary.git (cached)

Fetching from https://github.com/google/GTMAppAuth.git (cached)

Fetching from https://github.com/firebase/firebase-ios-sdk (cached)

Fetching from https://github.com/google/GoogleUtilities.git (cached)

Fetching from https://github.com/google/gtm-session-fetcher.git (cached)

Fetching from https://github.com/google/GoogleSignIn-iOS (cached)

Fetching from https://github.com/kishikawakatsumi/KeychainAccess (cached)

Fetching from https://github.com/RevenueCat/purchases-ios (cached)

Creating working copy of package ‘promises’

Creating working copy of package ‘abseil-cpp-binary’

Creating working copy of package ‘interop-ios-for-google-sdks’

Creating working copy of package ‘leveldb’

Creating working copy of package ‘lottie-ios’

Creating working copy of package ‘GoogleDataTransport’

Creating working copy of package ‘AppAuth-iOS’

Checking out 1.2024011602.0 of package ‘abseil-cpp-binary’

Checking out 9.4.0 of package ‘GoogleDataTransport’

Checking out 2.4.0 of package ‘promises’

Checking out 1.22.5 of package ‘leveldb’

Checking out 100.0.0 of package ‘interop-ios-for-google-sdks’

Checking out 4.6.0 of package ‘lottie-ios’

Checking out 1.7.6 of package ‘AppAuth-iOS’

Creating working copy of package ‘swift-protobuf’

Creating working copy of package ‘app-check’

Creating working copy of package ‘GoogleAppMeasurement’

Creating working copy of package ‘Kingfisher’

Checking out 10.19.2 of package ‘app-check’

Creating working copy of package ‘line-sdk-ios-swift’

Checking out 1.33.3 of package ‘swift-protobuf’
Couldn’t update repository submodules:
    Submodule 'Sources/protobuf/abseil' (https://github.com/abseil/abseil-cpp) registered for path 'Sources/protobuf/abseil'
    Submodule 'Sources/protobuf/protobuf' (https://github.com/protocolbuffers/protobuf) registered for path 'Sources/protobuf/protobuf'
    Cloning into '/Users/super/Library/Developer/Xcode/DerivedData/jibunAI-ios-esjtwbjjzxxjdfaqojwjhbvkcwgo/SourcePackages/checkouts/swift-protobuf/Sources/protobuf/abseil'...
    Cloning into '/Users/super/Library/Developer/Xcode/DerivedData/jibunAI-ios-esjtwbjjzxxjdfaqojwjhbvkcwgo/SourcePackages/checkouts/swift-protobuf/Sources/protobuf/protobuf'...
    fatal: could not open '/Users/super/Library/Developer/Xcode/DerivedData/jibunAI-ios-esjtwbjjzxxjdfaqojwjhbvkcwgo/SourcePackages/checkouts/swift-protobuf/.git/modules/Sources/protobuf/protobuf/objects/pack/tmp_pack_td8bCr' for reading: No such file or directory
    fatal: fetch-pack: invalid index-pack output
    fatal: clone of 'https://github.com/protocolbuffers/protobuf' into submodule path '/Users/super/Library/Developer/Xcode/DerivedData/jibunAI-ios-esjtwbjjzxxjdfaqojwjhbvkcwgo/SourcePackages/checkouts/swift-protobuf/Sources/protobuf/protobuf' failed
    Failed to clone 'Sources/protobuf/protobuf'. Retry scheduled
    Cloning into '/Users/super/Library/Developer/Xcode/DerivedData/jibunAI-ios-esjtwbjjzxxjdfaqojwjhbvkcwgo/SourcePackages/checkouts/swift-protobuf/Sources/protobuf/protobuf'...
    fatal: could not open '/Users/super/Library/Developer/Xcode/DerivedData/jibunAI-ios-esjtwbjjzxxjdfaqojwjhbvkcwgo/SourcePackages/checkouts/swift-protobuf/.git/modules/Sources/protobuf/protobuf/objects/pack/tmp_pack_BXTUnI' for reading: No such file or directory
    fatal: fetch-pack: invalid index-pack output
    fatal: clone of 'https://github.com/protocolbuffers/protobuf' into submodule path '/Users/super/Library/Developer/Xcode/DerivedData/jibunAI-ios-esjtwbjjzxxjdfaqojwjhbvkcwgo/SourcePackages/checkouts/swift-protobuf/Sources/protobuf/protobuf' failed
    Failed to clone 'Sources/protobuf/protobuf' a second time, aborting
Checking out 10.28.0 of package ‘GoogleAppMeasurement’

Checking out 7.12.0 of package ‘Kingfisher’

Checking out 5.14.0 of package ‘line-sdk-ios-swift’

Creating working copy of package ‘grpc-binary’

Creating working copy of package ‘GTMAppAuth’

Creating working copy of package ‘GoogleSignIn-iOS’

Creating working copy of package ‘firebase-ios-sdk’

Checking out 1.62.2 of package ‘grpc-binary’

Checking out 4.1.1 of package ‘GTMAppAuth’

Creating working copy of package ‘KeychainAccess’

Creating working copy of package ‘gtm-session-fetcher’

Checking out 7.1.0 of package ‘GoogleSignIn-iOS’

Creating working copy of package ‘purchases-ios’

Checking out 4.2.2 of package ‘KeychainAccess’

Checking out 3.5.0 of package ‘gtm-session-fetcher’

Creating working copy of package ‘GoogleUtilities’

Creating working copy of package ‘nanopb’

Checking out 7.13.3 of package ‘GoogleUtilities’

Checking out 2.30910.0 of package ‘nanopb’

Checking out 10.29.0 of package ‘firebase-ios-sdk’

Checking out 5.56.0 of package ‘purchases-ios’

fatalError
2026-02-05 13:40:02.073 xcodebuild[44752:28453668] Writing error result bundle to /var/folders/7g/t1z0t0bs0xv6zz2xjg4ht7hr0000gn/T/ResultBundle_2026-05-02_13-40-0002.xcresult
xcodebuild: error: Could not resolve package dependencies:
  fatalError
  Couldn’t update repository submodules:

In flight operation:   <__DVTSwiftAsyncOperation: 0xb44771380; state = AREfc>
<__DVTSwiftAsyncOperation: 0xb44771380; state = AREfc> created at:
  0   -[DVTOperation init] (in DVTFoundation)
  1   @objc DVTAsyncOperation.init() (in DVTFoundation)
  2   static DVTOperation.awaiting(_:) (in DVTFoundation)
  3   IDESwiftWorkspace.enqueueAsync(_:) (in IDESwiftPackageCore)
  4   specialized SPMWorkspace.processPackageGraphActionsInBackgroundIfNeeded(canProcessPackageGraphActions:) (in SwiftPM)
  5   closure #1 in SPMWorkspace.mainThread_processPackageGraphActionsInBackgroundIfNeeded() (in SwiftPM)
  6   partial apply for closure #1 in SPMWorkspace.mainThread_processPackageGraphActionsInBackgroundIfNeeded() (in SwiftPM)
  7   partial apply for specialized closure #1 in static MainActor.assertAndAssumeContext<A>(_:) (in SwiftPM)
  8   specialized static MainActor.assumeIsolated<A>(_:file:line:) (in SwiftPM)
  9   SPMWorkspace.set(rootPackagePaths:additionalPackageDependencies:) (in SwiftPM)
 10   IDESwiftWorkspace.synchronizeWithCurrentWorkspaceContents(allowPackageGraphReload:) (in IDESwiftPackageCore)
 11   IDEWorkspace.createSourcePackageSupportContext() (in IDESwiftPackageCore)
 12   @objc static IDESPMWorkspaceBridgeProper.setupPackageManagerWorkspace(on:) (in IDESwiftPackageCore)
 13   __81-[IDEWorkspace _finishLoadingAsynchronously:shouldUpgradeFromSimpleFilesFocused:]_block_invoke (in IDEFoundation)
 14   __81-[IDEWorkspace _finishLoadingAsynchronously:shouldUpgradeFromSimpleFilesFocused:]_block_invoke.145 (in IDEFoundation)
 15   __NSBLOCKOPERATION_IS_CALLING_OUT_TO_A_BLOCK__ (in Foundation)
 16   -[NSBlockOperation main] (in Foundation)
 17   __NSOPERATION_IS_INVOKING_MAIN__ (in Foundation)
 18   -[NSOperation start] (in Foundation)
 19   __NSOPERATIONQUEUE_IS_STARTING_AN_OPERATION__ (in Foundation)
 20   __NSOQSchedule_f (in Foundation)
 21   _dispatch_block_async_invoke2 (in libdispatch.dylib)
 22   _dispatch_client_callout (in libdispatch.dylib)
 23   _dispatch_main_queue_drain.cold.5 (in libdispatch.dylib)
 24   _dispatch_main_queue_drain (in libdispatch.dylib)
 25   _dispatch_main_queue_callback_4CF (in libdispatch.dylib)
 26   __CFRUNLOOP_IS_SERVICING_THE_MAIN_DISPATCH_QUEUE__ (in CoreFoundation)
 27   __CFRunLoopRun (in CoreFoundation)
 28   _CFRunLoopRunSpecificWithOptions (in CoreFoundation)
 29   +[DVTKVOConditionValidator waitForCondition:sourceObject:keyPathAffectingConditionBlock:timeout:] (in DVTFoundation)
 30   -[Xcode3CommandLineBuildTool _resolveInputOptionsWithTimingSection:] (in Xcode3Core)
 31   -[Xcode3CommandLineBuildTool run] (in Xcode3Core)
 32   XcodeBuildMain (in libxcodebuildLoader.dylib)
 33   -[XcodebuildPreIDEHandler loadXcode3ProjectSupportAndRunXcode3CommandLineBuildToolWithArguments:] (in xcodebuild)
 34   -[XcodebuildPreIDEHandler runWithArguments:] (in xcodebuild)
 35   main (in xcodebuild)
 36   start (in dyld)

