Command line invocation:
    /Applications/Xcode.app/Contents/Developer/usr/bin/xcodebuild build -project jibunAI-ios/jibunAI-ios.xcodeproj -target jibunAI-ios -destination "generic/platform=iOS Simulator" CODE_SIGNING_REQUIRED=NO CODE_SIGN_IDENTITY= CODE_SIGNING_ALLOWED=NO

Build settings from command line:
    CODE_SIGN_IDENTITY = 
    CODE_SIGNING_ALLOWED = NO
    CODE_SIGNING_REQUIRED = NO

Resolve Package Graph


Resolved source packages:
  gRPC: https://github.com/google/grpc-binary.git @ 1.62.2
  AppAuth: https://github.com/openid/AppAuth-iOS.git @ 1.7.6
  KeychainAccess: https://github.com/kishikawakatsumi/KeychainAccess @ 4.2.2
  InteropForGoogle: https://github.com/google/interop-ios-for-google-sdks.git @ 100.0.0
  GTMAppAuth: https://github.com/google/GTMAppAuth.git @ 4.1.1
  Firebase: https://github.com/firebase/firebase-ios-sdk @ 10.29.0
  RevenueCat: https://github.com/RevenueCat/purchases-ios @ 5.56.0
  leveldb: https://github.com/firebase/leveldb.git @ 1.22.5
  GoogleDataTransport: https://github.com/google/GoogleDataTransport.git @ 9.4.0
  Promises: https://github.com/google/promises.git @ 2.4.0
  LineSDK: https://github.com/line/line-sdk-ios-swift @ 5.14.0
  GoogleAppMeasurement: https://github.com/google/GoogleAppMeasurement.git @ 10.28.0
  Kingfisher: https://github.com/onevcat/Kingfisher @ 7.12.0
  GoogleSignIn: https://github.com/google/GoogleSignIn-iOS @ 7.1.0
  GoogleUtilities: https://github.com/google/GoogleUtilities.git @ 7.13.3
  nanopb: https://github.com/firebase/nanopb.git @ 2.30910.0
  Lottie: https://github.com/airbnb/lottie-ios @ 4.6.0
  GTMSessionFetcher: https://github.com/google/gtm-session-fetcher.git @ 3.5.0
  abseil: https://github.com/google/abseil-cpp-binary.git @ 1.2024011602.0
  AppCheck: https://github.com/google/app-check.git @ 10.19.2
  SwiftProtobuf: https://github.com/apple/swift-protobuf.git @ 1.33.3

--- xcodebuild: WARNING: Ignoring provided run destination because no scheme was passed.
note: Using codesigning identity override: 
ComputePackagePrebuildTargetDependencyGraph

Prepare packages

CreateBuildRequest

SendProjectDescription

CreateBuildOperation

ComputeTargetDependencyGraph
note: Building targets in dependency order
note: Target dependency graph (97 targets)
    Target 'jibunAI-ios' in project 'jibunAI-ios'
        ➜ Explicit dependency on target 'FirebaseAuth' in project 'Firebase'
        ➜ Explicit dependency on target 'FirebaseAnalytics' in project 'Firebase'
        ➜ Explicit dependency on target 'FirebaseMessaging' in project 'Firebase'
        ➜ Explicit dependency on target 'FirebaseCrashlytics' in project 'Firebase'
        ➜ Explicit dependency on target 'LineSDK' in project 'LineSDK'
        ➜ Explicit dependency on target 'GoogleSignIn' in project 'GoogleSignIn'
        ➜ Explicit dependency on target 'RevenueCat' in project 'RevenueCat'
        ➜ Explicit dependency on target 'Kingfisher' in project 'Kingfisher'
        ➜ Explicit dependency on target 'Lottie' in project 'Lottie'
        ➜ Explicit dependency on target 'KeychainAccess' in project 'KeychainAccess'
    Target 'KeychainAccess' in project 'KeychainAccess'
        ➜ Explicit dependency on target 'KeychainAccess' in project 'KeychainAccess'
    Target 'KeychainAccess' in project 'KeychainAccess' (no dependencies)
    Target 'Lottie' in project 'Lottie'
        ➜ Explicit dependency on target 'Lottie' in project 'Lottie'
        ➜ Explicit dependency on target 'Lottie_Lottie' in project 'Lottie'
    Target 'Lottie' in project 'Lottie'
        ➜ Explicit dependency on target 'Lottie_Lottie' in project 'Lottie'
    Target 'Lottie_Lottie' in project 'Lottie' (no dependencies)
    Target 'Kingfisher' in project 'Kingfisher'
        ➜ Explicit dependency on target 'Kingfisher' in project 'Kingfisher'
        ➜ Explicit dependency on target 'Kingfisher_Kingfisher' in project 'Kingfisher'
    Target 'Kingfisher' in project 'Kingfisher'
        ➜ Explicit dependency on target 'Kingfisher_Kingfisher' in project 'Kingfisher'
    Target 'Kingfisher_Kingfisher' in project 'Kingfisher' (no dependencies)
    Target 'RevenueCat' in project 'RevenueCat'
        ➜ Explicit dependency on target 'RevenueCat' in project 'RevenueCat'
        ➜ Explicit dependency on target 'RevenueCat_RevenueCat' in project 'RevenueCat'
    Target 'RevenueCat' in project 'RevenueCat'
        ➜ Explicit dependency on target 'RevenueCat_RevenueCat' in project 'RevenueCat'
    Target 'RevenueCat_RevenueCat' in project 'RevenueCat' (no dependencies)
    Target 'GoogleSignIn' in project 'GoogleSignIn'
        ➜ Explicit dependency on target 'GoogleSignIn' in project 'GoogleSignIn'
        ➜ Explicit dependency on target 'GoogleSignIn_GoogleSignIn' in project 'GoogleSignIn'
        ➜ Explicit dependency on target 'AppAuth' in project 'AppAuth'
        ➜ Explicit dependency on target 'GTMAppAuth' in project 'GTMAppAuth'
        ➜ Explicit dependency on target 'GTMSessionFetcherCore' in project 'GTMSessionFetcher'
    Target 'GoogleSignIn' in project 'GoogleSignIn'
        ➜ Explicit dependency on target 'GoogleSignIn_GoogleSignIn' in project 'GoogleSignIn'
        ➜ Explicit dependency on target 'AppAuth' in project 'AppAuth'
        ➜ Explicit dependency on target 'GTMAppAuth' in project 'GTMAppAuth'
        ➜ Explicit dependency on target 'GTMSessionFetcherCore' in project 'GTMSessionFetcher'
    Target 'GTMAppAuth' in project 'GTMAppAuth'
        ➜ Explicit dependency on target 'GTMAppAuth' in project 'GTMAppAuth'
        ➜ Explicit dependency on target 'GTMAppAuth_GTMAppAuth' in project 'GTMAppAuth'
        ➜ Explicit dependency on target 'GTMSessionFetcherCore' in project 'GTMSessionFetcher'
        ➜ Explicit dependency on target 'AppAuthCore' in project 'AppAuth'
    Target 'GTMAppAuth' in project 'GTMAppAuth'
        ➜ Explicit dependency on target 'GTMAppAuth_GTMAppAuth' in project 'GTMAppAuth'
        ➜ Explicit dependency on target 'GTMSessionFetcherCore' in project 'GTMSessionFetcher'
        ➜ Explicit dependency on target 'AppAuthCore' in project 'AppAuth'
    Target 'AppAuthCore' in project 'AppAuth'
        ➜ Explicit dependency on target 'AppAuthCore' in project 'AppAuth'
        ➜ Explicit dependency on target 'AppAuth_AppAuthCore' in project 'AppAuth'
    Target 'GTMAppAuth_GTMAppAuth' in project 'GTMAppAuth' (no dependencies)
    Target 'AppAuth' in project 'AppAuth'
        ➜ Explicit dependency on target 'AppAuth' in project 'AppAuth'
        ➜ Explicit dependency on target 'AppAuth_AppAuth' in project 'AppAuth'
        ➜ Explicit dependency on target 'AppAuthCore' in project 'AppAuth'
    Target 'AppAuth' in project 'AppAuth'
        ➜ Explicit dependency on target 'AppAuth_AppAuth' in project 'AppAuth'
        ➜ Explicit dependency on target 'AppAuthCore' in project 'AppAuth'
    Target 'AppAuthCore' in project 'AppAuth'
        ➜ Explicit dependency on target 'AppAuth_AppAuthCore' in project 'AppAuth'
    Target 'AppAuth_AppAuthCore' in project 'AppAuth' (no dependencies)
    Target 'AppAuth_AppAuth' in project 'AppAuth' (no dependencies)
    Target 'GoogleSignIn_GoogleSignIn' in project 'GoogleSignIn' (no dependencies)
    Target 'LineSDK' in project 'LineSDK'
        ➜ Explicit dependency on target 'LineSDK' in project 'LineSDK'
        ➜ Explicit dependency on target 'LineSDK_LineSDK' in project 'LineSDK'
    Target 'LineSDK' in project 'LineSDK'
        ➜ Explicit dependency on target 'LineSDK_LineSDK' in project 'LineSDK'
    Target 'LineSDK_LineSDK' in project 'LineSDK' (no dependencies)
    Target 'FirebaseCrashlytics' in project 'Firebase'
        ➜ Explicit dependency on target 'FirebaseCrashlytics' in project 'Firebase'
        ➜ Explicit dependency on target 'Firebase_FirebaseCrashlytics' in project 'Firebase'
        ➜ Explicit dependency on target 'Firebase' in project 'Firebase'
        ➜ Explicit dependency on target 'FirebaseCoreInternal' in project 'Firebase'
        ➜ Explicit dependency on target 'FirebaseCore' in project 'Firebase'
        ➜ Explicit dependency on target 'FirebaseInstallations' in project 'Firebase'
        ➜ Explicit dependency on target 'FirebaseCoreExtension' in project 'Firebase'
        ➜ Explicit dependency on target 'FirebaseSessionsObjC' in project 'Firebase'
        ➜ Explicit dependency on target 'FirebaseSessions' in project 'Firebase'
        ➜ Explicit dependency on target 'FirebaseRemoteConfigInterop' in project 'Firebase'
        ➜ Explicit dependency on target 'FirebaseCrashlyticsSwift' in project 'Firebase'
        ➜ Explicit dependency on target 'GULNSData' in project 'GoogleUtilities'
        ➜ Explicit dependency on target 'GULEnvironment' in project 'GoogleUtilities'
        ➜ Explicit dependency on target 'GULLogger' in project 'GoogleUtilities'
        ➜ Explicit dependency on target 'FBLPromises' in project 'Promises'
        ➜ Explicit dependency on target 'GULUserDefaults' in project 'GoogleUtilities'
        ➜ Explicit dependency on target 'nanopb' in project 'nanopb'
        ➜ Explicit dependency on target 'Promises' in project 'Promises'
        ➜ Explicit dependency on target 'GoogleDataTransport' in project 'GoogleDataTransport'
    Target 'FirebaseCrashlytics' in project 'Firebase'
        ➜ Explicit dependency on target 'Firebase_FirebaseCrashlytics' in project 'Firebase'
        ➜ Explicit dependency on target 'Firebase' in project 'Firebase'
        ➜ Explicit dependency on target 'FirebaseCoreInternal' in project 'Firebase'
        ➜ Explicit dependency on target 'FirebaseCore' in project 'Firebase'
        ➜ Explicit dependency on target 'FirebaseInstallations' in project 'Firebase'
        ➜ Explicit dependency on target 'FirebaseCoreExtension' in project 'Firebase'
        ➜ Explicit dependency on target 'FirebaseSessionsObjC' in project 'Firebase'
        ➜ Explicit dependency on target 'FirebaseSessions' in project 'Firebase'
        ➜ Explicit dependency on target 'FirebaseRemoteConfigInterop' in project 'Firebase'
        ➜ Explicit dependency on target 'FirebaseCrashlyticsSwift' in project 'Firebase'
        ➜ Explicit dependency on target 'GULNSData' in project 'GoogleUtilities'
        ➜ Explicit dependency on target 'GULEnvironment' in project 'GoogleUtilities'
        ➜ Explicit dependency on target 'GULLogger' in project 'GoogleUtilities'
        ➜ Explicit dependency on target 'FBLPromises' in project 'Promises'
        ➜ Explicit dependency on target 'GULUserDefaults' in project 'GoogleUtilities'
        ➜ Explicit dependency on target 'nanopb' in project 'nanopb'
        ➜ Explicit dependency on target 'Promises' in project 'Promises'
        ➜ Explicit dependency on target 'GoogleDataTransport' in project 'GoogleDataTransport'
    Target 'FirebaseCrashlyticsSwift' in project 'Firebase'
        ➜ Explicit dependency on target 'FirebaseRemoteConfigInterop' in project 'Firebase'
    Target 'FirebaseRemoteConfigInterop' in project 'Firebase' (no dependencies)
    Target 'FirebaseSessions' in project 'Firebase'
        ➜ Explicit dependency on target 'Firebase' in project 'Firebase'
        ➜ Explicit dependency on target 'FirebaseCoreInternal' in project 'Firebase'
        ➜ Explicit dependency on target 'FirebaseCore' in project 'Firebase'
        ➜ Explicit dependency on target 'FirebaseInstallations' in project 'Firebase'
        ➜ Explicit dependency on target 'FirebaseCoreExtension' in project 'Firebase'
        ➜ Explicit dependency on target 'FirebaseSessionsObjC' in project 'Firebase'
        ➜ Explicit dependency on target 'GULNSData' in project 'GoogleUtilities'
        ➜ Explicit dependency on target 'GULEnvironment' in project 'GoogleUtilities'
        ➜ Explicit dependency on target 'GULLogger' in project 'GoogleUtilities'
        ➜ Explicit dependency on target 'FBLPromises' in project 'Promises'
        ➜ Explicit dependency on target 'GULUserDefaults' in project 'GoogleUtilities'
        ➜ Explicit dependency on target 'nanopb' in project 'nanopb'
        ➜ Explicit dependency on target 'Promises' in project 'Promises'
        ➜ Explicit dependency on target 'GoogleDataTransport' in project 'GoogleDataTransport'
    Target 'Promises' in project 'Promises'
        ➜ Explicit dependency on target 'Promises' in project 'Promises'
        ➜ Explicit dependency on target 'Promises_Promises' in project 'Promises'
        ➜ Explicit dependency on target 'FBLPromises' in project 'Promises'
    Target 'Promises' in project 'Promises'
        ➜ Explicit dependency on target 'Promises_Promises' in project 'Promises'
        ➜ Explicit dependency on target 'FBLPromises' in project 'Promises'
    Target 'Promises_Promises' in project 'Promises' (no dependencies)
    Target 'FirebaseSessionsObjC' in project 'Firebase'
        ➜ Explicit dependency on target 'Firebase' in project 'Firebase'
        ➜ Explicit dependency on target 'FirebaseCoreInternal' in project 'Firebase'
        ➜ Explicit dependency on target 'FirebaseCore' in project 'Firebase'
        ➜ Explicit dependency on target 'FirebaseCoreExtension' in project 'Firebase'
        ➜ Explicit dependency on target 'GULNSData' in project 'GoogleUtilities'
        ➜ Explicit dependency on target 'GULEnvironment' in project 'GoogleUtilities'
        ➜ Explicit dependency on target 'GULLogger' in project 'GoogleUtilities'
        ➜ Explicit dependency on target 'nanopb' in project 'nanopb'
    Target 'FirebaseCoreExtension' in project 'Firebase'
        ➜ Explicit dependency on target 'Firebase_FirebaseCoreExtension' in project 'Firebase'
    Target 'Firebase_FirebaseCoreExtension' in project 'Firebase' (no dependencies)
    Target 'Firebase_FirebaseCrashlytics' in project 'Firebase' (no dependencies)
    Target 'FirebaseMessaging' in project 'Firebase'
        ➜ Explicit dependency on target 'FirebaseMessaging' in project 'Firebase'
        ➜ Explicit dependency on target 'Firebase_FirebaseMessaging' in project 'Firebase'
        ➜ Explicit dependency on target 'Firebase' in project 'Firebase'
        ➜ Explicit dependency on target 'FirebaseCoreInternal' in project 'Firebase'
        ➜ Explicit dependency on target 'FirebaseCore' in project 'Firebase'
        ➜ Explicit dependency on target 'FirebaseInstallations' in project 'Firebase'
        ➜ Explicit dependency on target 'GULNSData' in project 'GoogleUtilities'
        ➜ Explicit dependency on target 'GULEnvironment' in project 'GoogleUtilities'
        ➜ Explicit dependency on target 'GULLogger' in project 'GoogleUtilities'
        ➜ Explicit dependency on target 'FBLPromises' in project 'Promises'
        ➜ Explicit dependency on target 'GULUserDefaults' in project 'GoogleUtilities'
        ➜ Explicit dependency on target 'GULAppDelegateSwizzler' in project 'GoogleUtilities'
        ➜ Explicit dependency on target 'GULReachability' in project 'GoogleUtilities'
        ➜ Explicit dependency on target 'GoogleDataTransport' in project 'GoogleDataTransport'
        ➜ Explicit dependency on target 'nanopb' in project 'nanopb'
    Target 'FirebaseMessaging' in project 'Firebase'
        ➜ Explicit dependency on target 'Firebase_FirebaseMessaging' in project 'Firebase'
        ➜ Explicit dependency on target 'Firebase' in project 'Firebase'
        ➜ Explicit dependency on target 'FirebaseCoreInternal' in project 'Firebase'
        ➜ Explicit dependency on target 'FirebaseCore' in project 'Firebase'
        ➜ Explicit dependency on target 'FirebaseInstallations' in project 'Firebase'
        ➜ Explicit dependency on target 'GULNSData' in project 'GoogleUtilities'
        ➜ Explicit dependency on target 'GULEnvironment' in project 'GoogleUtilities'
        ➜ Explicit dependency on target 'GULLogger' in project 'GoogleUtilities'
        ➜ Explicit dependency on target 'FBLPromises' in project 'Promises'
        ➜ Explicit dependency on target 'GULUserDefaults' in project 'GoogleUtilities'
        ➜ Explicit dependency on target 'GULAppDelegateSwizzler' in project 'GoogleUtilities'
        ➜ Explicit dependency on target 'GULReachability' in project 'GoogleUtilities'
        ➜ Explicit dependency on target 'GoogleDataTransport' in project 'GoogleDataTransport'
        ➜ Explicit dependency on target 'nanopb' in project 'nanopb'
    Target 'GoogleDataTransport' in project 'GoogleDataTransport'
        ➜ Explicit dependency on target 'GoogleDataTransport' in project 'GoogleDataTransport'
        ➜ Explicit dependency on target 'GoogleDataTransport_GoogleDataTransport' in project 'GoogleDataTransport'
        ➜ Explicit dependency on target 'nanopb' in project 'nanopb'
        ➜ Explicit dependency on target 'FBLPromises' in project 'Promises'
        ➜ Explicit dependency on target 'GULEnvironment' in project 'GoogleUtilities'
    Target 'GoogleDataTransport' in project 'GoogleDataTransport'
        ➜ Explicit dependency on target 'GoogleDataTransport_GoogleDataTransport' in project 'GoogleDataTransport'
        ➜ Explicit dependency on target 'nanopb' in project 'nanopb'
        ➜ Explicit dependency on target 'FBLPromises' in project 'Promises'
        ➜ Explicit dependency on target 'GULEnvironment' in project 'GoogleUtilities'
    Target 'GoogleDataTransport_GoogleDataTransport' in project 'GoogleDataTransport' (no dependencies)
    Target 'GULReachability' in project 'GoogleUtilities'
        ➜ Explicit dependency on target 'GoogleUtilities-Reachability' in project 'GoogleUtilities'
        ➜ Explicit dependency on target 'GoogleUtilities_GoogleUtilities-Reachability' in project 'GoogleUtilities'
        ➜ Explicit dependency on target 'third-party-IsAppEncrypted' in project 'GoogleUtilities'
        ➜ Explicit dependency on target 'GoogleUtilities-Environment' in project 'GoogleUtilities'
        ➜ Explicit dependency on target 'GoogleUtilities-Logger' in project 'GoogleUtilities'
        ➜ Explicit dependency on target 'FBLPromises' in project 'Promises'
    Target 'Firebase_FirebaseMessaging' in project 'Firebase' (no dependencies)
    Target 'FirebaseAnalytics' in project 'Firebase'
        ➜ Explicit dependency on target 'FirebaseAnalyticsTarget' in project 'Firebase'
        ➜ Explicit dependency on target 'Firebase' in project 'Firebase'
        ➜ Explicit dependency on target 'FirebaseCoreInternal' in project 'Firebase'
        ➜ Explicit dependency on target 'FirebaseCore' in project 'Firebase'
        ➜ Explicit dependency on target 'FirebaseInstallations' in project 'Firebase'
        ➜ Explicit dependency on target 'FirebaseAnalyticsWrapper' in project 'Firebase'
        ➜ Explicit dependency on target 'GULNSData' in project 'GoogleUtilities'
        ➜ Explicit dependency on target 'GULEnvironment' in project 'GoogleUtilities'
        ➜ Explicit dependency on target 'GULLogger' in project 'GoogleUtilities'
        ➜ Explicit dependency on target 'FBLPromises' in project 'Promises'
        ➜ Explicit dependency on target 'GULUserDefaults' in project 'GoogleUtilities'
        ➜ Explicit dependency on target 'GoogleAppMeasurement' in project 'GoogleAppMeasurement'
        ➜ Explicit dependency on target 'GULAppDelegateSwizzler' in project 'GoogleUtilities'
        ➜ Explicit dependency on target 'GULMethodSwizzler' in project 'GoogleUtilities'
        ➜ Explicit dependency on target 'GULNetwork' in project 'GoogleUtilities'
        ➜ Explicit dependency on target 'nanopb' in project 'nanopb'
    Target 'FirebaseAnalyticsTarget' in project 'Firebase'
        ➜ Explicit dependency on target 'Firebase' in project 'Firebase'
        ➜ Explicit dependency on target 'FirebaseCoreInternal' in project 'Firebase'
        ➜ Explicit dependency on target 'FirebaseCore' in project 'Firebase'
        ➜ Explicit dependency on target 'FirebaseInstallations' in project 'Firebase'
        ➜ Explicit dependency on target 'FirebaseAnalyticsWrapper' in project 'Firebase'
        ➜ Explicit dependency on target 'GULNSData' in project 'GoogleUtilities'
        ➜ Explicit dependency on target 'GULEnvironment' in project 'GoogleUtilities'
        ➜ Explicit dependency on target 'GULLogger' in project 'GoogleUtilities'
        ➜ Explicit dependency on target 'FBLPromises' in project 'Promises'
        ➜ Explicit dependency on target 'GULUserDefaults' in project 'GoogleUtilities'
        ➜ Explicit dependency on target 'GoogleAppMeasurement' in project 'GoogleAppMeasurement'
        ➜ Explicit dependency on target 'GULAppDelegateSwizzler' in project 'GoogleUtilities'
        ➜ Explicit dependency on target 'GULMethodSwizzler' in project 'GoogleUtilities'
        ➜ Explicit dependency on target 'GULNetwork' in project 'GoogleUtilities'
        ➜ Explicit dependency on target 'nanopb' in project 'nanopb'
    Target 'FirebaseAnalyticsWrapper' in project 'Firebase'
        ➜ Explicit dependency on target 'Firebase' in project 'Firebase'
        ➜ Explicit dependency on target 'FirebaseCoreInternal' in project 'Firebase'
        ➜ Explicit dependency on target 'FirebaseCore' in project 'Firebase'
        ➜ Explicit dependency on target 'FirebaseInstallations' in project 'Firebase'
        ➜ Explicit dependency on target 'GULNSData' in project 'GoogleUtilities'
        ➜ Explicit dependency on target 'GULEnvironment' in project 'GoogleUtilities'
        ➜ Explicit dependency on target 'GULLogger' in project 'GoogleUtilities'
        ➜ Explicit dependency on target 'FBLPromises' in project 'Promises'
        ➜ Explicit dependency on target 'GULUserDefaults' in project 'GoogleUtilities'
        ➜ Explicit dependency on target 'GoogleAppMeasurement' in project 'GoogleAppMeasurement'
        ➜ Explicit dependency on target 'GULAppDelegateSwizzler' in project 'GoogleUtilities'
        ➜ Explicit dependency on target 'GULMethodSwizzler' in project 'GoogleUtilities'
        ➜ Explicit dependency on target 'GULNetwork' in project 'GoogleUtilities'
        ➜ Explicit dependency on target 'nanopb' in project 'nanopb'
    Target 'GoogleAppMeasurement' in project 'GoogleAppMeasurement'
        ➜ Explicit dependency on target 'GoogleAppMeasurementTarget' in project 'GoogleAppMeasurement'
        ➜ Explicit dependency on target 'GULAppDelegateSwizzler' in project 'GoogleUtilities'
        ➜ Explicit dependency on target 'GULMethodSwizzler' in project 'GoogleUtilities'
        ➜ Explicit dependency on target 'GULNSData' in project 'GoogleUtilities'
        ➜ Explicit dependency on target 'GULNetwork' in project 'GoogleUtilities'
        ➜ Explicit dependency on target 'nanopb' in project 'nanopb'
    Target 'GoogleAppMeasurementTarget' in project 'GoogleAppMeasurement'
        ➜ Explicit dependency on target 'GULAppDelegateSwizzler' in project 'GoogleUtilities'
        ➜ Explicit dependency on target 'GULMethodSwizzler' in project 'GoogleUtilities'
        ➜ Explicit dependency on target 'GULNSData' in project 'GoogleUtilities'
        ➜ Explicit dependency on target 'GULNetwork' in project 'GoogleUtilities'
        ➜ Explicit dependency on target 'nanopb' in project 'nanopb'
    Target 'nanopb' in project 'nanopb'
        ➜ Explicit dependency on target 'nanopb' in project 'nanopb'
        ➜ Explicit dependency on target 'nanopb_nanopb' in project 'nanopb'
    Target 'nanopb' in project 'nanopb'
        ➜ Explicit dependency on target 'nanopb_nanopb' in project 'nanopb'
    Target 'nanopb_nanopb' in project 'nanopb' (no dependencies)
    Target 'GULNetwork' in project 'GoogleUtilities'
        ➜ Explicit dependency on target 'GoogleUtilities-Network' in project 'GoogleUtilities'
        ➜ Explicit dependency on target 'GoogleUtilities_GoogleUtilities-Network' in project 'GoogleUtilities'
        ➜ Explicit dependency on target 'third-party-IsAppEncrypted' in project 'GoogleUtilities'
        ➜ Explicit dependency on target 'GoogleUtilities-Environment' in project 'GoogleUtilities'
        ➜ Explicit dependency on target 'GoogleUtilities-Logger' in project 'GoogleUtilities'
        ➜ Explicit dependency on target 'GoogleUtilities-NSData' in project 'GoogleUtilities'
        ➜ Explicit dependency on target 'GoogleUtilities-Reachability' in project 'GoogleUtilities'
        ➜ Explicit dependency on target 'FBLPromises' in project 'Promises'
    Target 'GULMethodSwizzler' in project 'GoogleUtilities'
        ➜ Explicit dependency on target 'GoogleUtilities-MethodSwizzler' in project 'GoogleUtilities'
        ➜ Explicit dependency on target 'GoogleUtilities_GoogleUtilities-MethodSwizzler' in project 'GoogleUtilities'
        ➜ Explicit dependency on target 'third-party-IsAppEncrypted' in project 'GoogleUtilities'
        ➜ Explicit dependency on target 'GoogleUtilities-Environment' in project 'GoogleUtilities'
        ➜ Explicit dependency on target 'GoogleUtilities-Logger' in project 'GoogleUtilities'
        ➜ Explicit dependency on target 'FBLPromises' in project 'Promises'
    Target 'GoogleUtilities-MethodSwizzler' in project 'GoogleUtilities'
        ➜ Explicit dependency on target 'GoogleUtilities_GoogleUtilities-MethodSwizzler' in project 'GoogleUtilities'
        ➜ Explicit dependency on target 'third-party-IsAppEncrypted' in project 'GoogleUtilities'
        ➜ Explicit dependency on target 'GoogleUtilities-Environment' in project 'GoogleUtilities'
        ➜ Explicit dependency on target 'GoogleUtilities-Logger' in project 'GoogleUtilities'
        ➜ Explicit dependency on target 'FBLPromises' in project 'Promises'
    Target 'GoogleUtilities_GoogleUtilities-MethodSwizzler' in project 'GoogleUtilities' (no dependencies)
    Target 'FirebaseInstallations' in project 'Firebase'
        ➜ Explicit dependency on target 'Firebase_FirebaseInstallations' in project 'Firebase'
        ➜ Explicit dependency on target 'Firebase' in project 'Firebase'
        ➜ Explicit dependency on target 'FirebaseCoreInternal' in project 'Firebase'
        ➜ Explicit dependency on target 'FirebaseCore' in project 'Firebase'
        ➜ Explicit dependency on target 'GULNSData' in project 'GoogleUtilities'
        ➜ Explicit dependency on target 'GULEnvironment' in project 'GoogleUtilities'
        ➜ Explicit dependency on target 'GULLogger' in project 'GoogleUtilities'
        ➜ Explicit dependency on target 'FBLPromises' in project 'Promises'
        ➜ Explicit dependency on target 'GULUserDefaults' in project 'GoogleUtilities'
    Target 'GULUserDefaults' in project 'GoogleUtilities'
        ➜ Explicit dependency on target 'GoogleUtilities-UserDefaults' in project 'GoogleUtilities'
        ➜ Explicit dependency on target 'GoogleUtilities_GoogleUtilities-UserDefaults' in project 'GoogleUtilities'
        ➜ Explicit dependency on target 'third-party-IsAppEncrypted' in project 'GoogleUtilities'
        ➜ Explicit dependency on target 'GoogleUtilities-Environment' in project 'GoogleUtilities'
        ➜ Explicit dependency on target 'GoogleUtilities-Logger' in project 'GoogleUtilities'
        ➜ Explicit dependency on target 'FBLPromises' in project 'Promises'
    Target 'GoogleUtilities-UserDefaults' in project 'GoogleUtilities'
        ➜ Explicit dependency on target 'GoogleUtilities_GoogleUtilities-UserDefaults' in project 'GoogleUtilities'
        ➜ Explicit dependency on target 'third-party-IsAppEncrypted' in project 'GoogleUtilities'
        ➜ Explicit dependency on target 'GoogleUtilities-Environment' in project 'GoogleUtilities'
        ➜ Explicit dependency on target 'GoogleUtilities-Logger' in project 'GoogleUtilities'
        ➜ Explicit dependency on target 'FBLPromises' in project 'Promises'
    Target 'GoogleUtilities_GoogleUtilities-UserDefaults' in project 'GoogleUtilities' (no dependencies)
    Target 'Firebase_FirebaseInstallations' in project 'Firebase' (no dependencies)
    Target 'FirebaseAuth' in project 'Firebase'
        ➜ Explicit dependency on target 'FirebaseAuth' in project 'Firebase'
        ➜ Explicit dependency on target 'Firebase_FirebaseAuth' in project 'Firebase'
        ➜ Explicit dependency on target 'FirebaseAppCheckInterop' in project 'Firebase'
        ➜ Explicit dependency on target 'Firebase' in project 'Firebase'
        ➜ Explicit dependency on target 'FirebaseCoreInternal' in project 'Firebase'
        ➜ Explicit dependency on target 'FirebaseCore' in project 'Firebase'
        ➜ Explicit dependency on target 'GULNSData' in project 'GoogleUtilities'
        ➜ Explicit dependency on target 'GULEnvironment' in project 'GoogleUtilities'
        ➜ Explicit dependency on target 'GULLogger' in project 'GoogleUtilities'
        ➜ Explicit dependency on target 'GULAppDelegateSwizzler' in project 'GoogleUtilities'
        ➜ Explicit dependency on target 'GTMSessionFetcherCore' in project 'GTMSessionFetcher'
        ➜ Explicit dependency on target 'RecaptchaInterop' in project 'InteropForGoogle'
    Target 'FirebaseAuth' in project 'Firebase'
        ➜ Explicit dependency on target 'Firebase_FirebaseAuth' in project 'Firebase'
        ➜ Explicit dependency on target 'FirebaseAppCheckInterop' in project 'Firebase'
        ➜ Explicit dependency on target 'Firebase' in project 'Firebase'
        ➜ Explicit dependency on target 'FirebaseCoreInternal' in project 'Firebase'
        ➜ Explicit dependency on target 'FirebaseCore' in project 'Firebase'
        ➜ Explicit dependency on target 'GULNSData' in project 'GoogleUtilities'
        ➜ Explicit dependency on target 'GULEnvironment' in project 'GoogleUtilities'
        ➜ Explicit dependency on target 'GULLogger' in project 'GoogleUtilities'
        ➜ Explicit dependency on target 'GULAppDelegateSwizzler' in project 'GoogleUtilities'
        ➜ Explicit dependency on target 'GTMSessionFetcherCore' in project 'GTMSessionFetcher'
        ➜ Explicit dependency on target 'RecaptchaInterop' in project 'InteropForGoogle'
    Target 'RecaptchaInterop' in project 'InteropForGoogle'
        ➜ Explicit dependency on target 'RecaptchaInterop' in project 'InteropForGoogle'
    Target 'RecaptchaInterop' in project 'InteropForGoogle' (no dependencies)
    Target 'GTMSessionFetcherCore' in project 'GTMSessionFetcher'
        ➜ Explicit dependency on target 'GTMSessionFetcherCore' in project 'GTMSessionFetcher'
        ➜ Explicit dependency on target 'GTMSessionFetcher_GTMSessionFetcherCore' in project 'GTMSessionFetcher'
    Target 'GTMSessionFetcherCore' in project 'GTMSessionFetcher'
        ➜ Explicit dependency on target 'GTMSessionFetcher_GTMSessionFetcherCore' in project 'GTMSessionFetcher'
    Target 'GTMSessionFetcher_GTMSessionFetcherCore' in project 'GTMSessionFetcher' (no dependencies)
    Target 'GULAppDelegateSwizzler' in project 'GoogleUtilities'
        ➜ Explicit dependency on target 'GoogleUtilities-AppDelegateSwizzler' in project 'GoogleUtilities'
        ➜ Explicit dependency on target 'GoogleUtilities_GoogleUtilities-AppDelegateSwizzler' in project 'GoogleUtilities'
        ➜ Explicit dependency on target 'third-party-IsAppEncrypted' in project 'GoogleUtilities'
        ➜ Explicit dependency on target 'GoogleUtilities-Environment' in project 'GoogleUtilities'
        ➜ Explicit dependency on target 'GoogleUtilities-Logger' in project 'GoogleUtilities'
        ➜ Explicit dependency on target 'GoogleUtilities-NSData' in project 'GoogleUtilities'
        ➜ Explicit dependency on target 'GoogleUtilities-Reachability' in project 'GoogleUtilities'
        ➜ Explicit dependency on target 'GoogleUtilities-Network' in project 'GoogleUtilities'
        ➜ Explicit dependency on target 'FBLPromises' in project 'Promises'
    Target 'GoogleUtilities-AppDelegateSwizzler' in project 'GoogleUtilities'
        ➜ Explicit dependency on target 'GoogleUtilities_GoogleUtilities-AppDelegateSwizzler' in project 'GoogleUtilities'
        ➜ Explicit dependency on target 'third-party-IsAppEncrypted' in project 'GoogleUtilities'
        ➜ Explicit dependency on target 'GoogleUtilities-Environment' in project 'GoogleUtilities'
        ➜ Explicit dependency on target 'GoogleUtilities-Logger' in project 'GoogleUtilities'
        ➜ Explicit dependency on target 'GoogleUtilities-NSData' in project 'GoogleUtilities'
        ➜ Explicit dependency on target 'GoogleUtilities-Reachability' in project 'GoogleUtilities'
        ➜ Explicit dependency on target 'GoogleUtilities-Network' in project 'GoogleUtilities'
        ➜ Explicit dependency on target 'FBLPromises' in project 'Promises'
    Target 'GoogleUtilities-Network' in project 'GoogleUtilities'
        ➜ Explicit dependency on target 'GoogleUtilities_GoogleUtilities-Network' in project 'GoogleUtilities'
        ➜ Explicit dependency on target 'third-party-IsAppEncrypted' in project 'GoogleUtilities'
        ➜ Explicit dependency on target 'GoogleUtilities-Environment' in project 'GoogleUtilities'
        ➜ Explicit dependency on target 'GoogleUtilities-Logger' in project 'GoogleUtilities'
        ➜ Explicit dependency on target 'GoogleUtilities-NSData' in project 'GoogleUtilities'
        ➜ Explicit dependency on target 'GoogleUtilities-Reachability' in project 'GoogleUtilities'
        ➜ Explicit dependency on target 'FBLPromises' in project 'Promises'
    Target 'GoogleUtilities_GoogleUtilities-Network' in project 'GoogleUtilities' (no dependencies)
    Target 'GoogleUtilities-Reachability' in project 'GoogleUtilities'
        ➜ Explicit dependency on target 'GoogleUtilities_GoogleUtilities-Reachability' in project 'GoogleUtilities'
        ➜ Explicit dependency on target 'third-party-IsAppEncrypted' in project 'GoogleUtilities'
        ➜ Explicit dependency on target 'GoogleUtilities-Environment' in project 'GoogleUtilities'
        ➜ Explicit dependency on target 'GoogleUtilities-Logger' in project 'GoogleUtilities'
        ➜ Explicit dependency on target 'FBLPromises' in project 'Promises'
    Target 'GoogleUtilities_GoogleUtilities-Reachability' in project 'GoogleUtilities' (no dependencies)
    Target 'GoogleUtilities_GoogleUtilities-AppDelegateSwizzler' in project 'GoogleUtilities' (no dependencies)
    Target 'FirebaseCore' in project 'Firebase'
        ➜ Explicit dependency on target 'Firebase_FirebaseCore' in project 'Firebase'
        ➜ Explicit dependency on target 'Firebase' in project 'Firebase'
        ➜ Explicit dependency on target 'FirebaseCoreInternal' in project 'Firebase'
        ➜ Explicit dependency on target 'GULNSData' in project 'GoogleUtilities'
        ➜ Explicit dependency on target 'GULEnvironment' in project 'GoogleUtilities'
        ➜ Explicit dependency on target 'GULLogger' in project 'GoogleUtilities'
    Target 'GULLogger' in project 'GoogleUtilities'
        ➜ Explicit dependency on target 'GoogleUtilities-Logger' in project 'GoogleUtilities'
        ➜ Explicit dependency on target 'GoogleUtilities_GoogleUtilities-Logger' in project 'GoogleUtilities'
        ➜ Explicit dependency on target 'third-party-IsAppEncrypted' in project 'GoogleUtilities'
        ➜ Explicit dependency on target 'GoogleUtilities-Environment' in project 'GoogleUtilities'
        ➜ Explicit dependency on target 'FBLPromises' in project 'Promises'
    Target 'GoogleUtilities-Logger' in project 'GoogleUtilities'
        ➜ Explicit dependency on target 'GoogleUtilities_GoogleUtilities-Logger' in project 'GoogleUtilities'
        ➜ Explicit dependency on target 'third-party-IsAppEncrypted' in project 'GoogleUtilities'
        ➜ Explicit dependency on target 'GoogleUtilities-Environment' in project 'GoogleUtilities'
        ➜ Explicit dependency on target 'FBLPromises' in project 'Promises'
    Target 'GoogleUtilities_GoogleUtilities-Logger' in project 'GoogleUtilities' (no dependencies)
    Target 'GULEnvironment' in project 'GoogleUtilities'
        ➜ Explicit dependency on target 'GoogleUtilities-Environment' in project 'GoogleUtilities'
        ➜ Explicit dependency on target 'GoogleUtilities_GoogleUtilities-Environment' in project 'GoogleUtilities'
        ➜ Explicit dependency on target 'third-party-IsAppEncrypted' in project 'GoogleUtilities'
        ➜ Explicit dependency on target 'FBLPromises' in project 'Promises'
    Target 'GoogleUtilities-Environment' in project 'GoogleUtilities'
        ➜ Explicit dependency on target 'GoogleUtilities_GoogleUtilities-Environment' in project 'GoogleUtilities'
        ➜ Explicit dependency on target 'third-party-IsAppEncrypted' in project 'GoogleUtilities'
        ➜ Explicit dependency on target 'FBLPromises' in project 'Promises'
    Target 'FBLPromises' in project 'Promises'
        ➜ Explicit dependency on target 'FBLPromises' in project 'Promises'
        ➜ Explicit dependency on target 'Promises_FBLPromises' in project 'Promises'
    Target 'FBLPromises' in project 'Promises'
        ➜ Explicit dependency on target 'Promises_FBLPromises' in project 'Promises'
    Target 'Promises_FBLPromises' in project 'Promises' (no dependencies)
    Target 'third-party-IsAppEncrypted' in project 'GoogleUtilities' (no dependencies)
    Target 'GoogleUtilities_GoogleUtilities-Environment' in project 'GoogleUtilities' (no dependencies)
    Target 'Firebase_FirebaseCore' in project 'Firebase' (no dependencies)
    Target 'FirebaseCoreInternal' in project 'Firebase'
        ➜ Explicit dependency on target 'Firebase_FirebaseCoreInternal' in project 'Firebase'
        ➜ Explicit dependency on target 'GULNSData' in project 'GoogleUtilities'
    Target 'GULNSData' in project 'GoogleUtilities'
        ➜ Explicit dependency on target 'GoogleUtilities-NSData' in project 'GoogleUtilities'
        ➜ Explicit dependency on target 'GoogleUtilities_GoogleUtilities-NSData' in project 'GoogleUtilities'
    Target 'GoogleUtilities-NSData' in project 'GoogleUtilities'
        ➜ Explicit dependency on target 'GoogleUtilities_GoogleUtilities-NSData' in project 'GoogleUtilities'
    Target 'GoogleUtilities_GoogleUtilities-NSData' in project 'GoogleUtilities' (no dependencies)
    Target 'Firebase_FirebaseCoreInternal' in project 'Firebase' (no dependencies)
    Target 'Firebase' in project 'Firebase' (no dependencies)
    Target 'FirebaseAppCheckInterop' in project 'Firebase' (no dependencies)
    Target 'Firebase_FirebaseAuth' in project 'Firebase' (no dependencies)

GatherProvisioningInputs

CreateBuildDescription

ExecuteExternalTool /Applications/Xcode.app/Contents/Developer/Toolchains/XcodeDefault.xctoolchain/usr/bin/clang -v -E -dM -arch arm64 -isysroot /Applications/Xcode.app/Contents/Developer/Platforms/iPhoneOS.platform/Developer/SDKs/iPhoneOS26.2.sdk -x objective-c -c /dev/null

ExecuteExternalTool /Applications/Xcode.app/Contents/Developer/Toolchains/XcodeDefault.xctoolchain/usr/bin/swiftc --version

ExecuteExternalTool /Applications/Xcode.app/Contents/Developer/usr/bin/actool --version --output-format xml1

ExecuteExternalTool /Applications/Xcode.app/Contents/Developer/Toolchains/XcodeDefault.xctoolchain/usr/bin/clang -v -E -dM -isysroot /Applications/Xcode.app/Contents/Developer/Platforms/iPhoneOS.platform/Developer/SDKs/iPhoneOS26.2.sdk -x c -c /dev/null

ExecuteExternalTool /Applications/Xcode.app/Contents/Developer/Toolchains/XcodeDefault.xctoolchain/usr/bin/clang -v -E -dM -arch arm64 -isysroot /Applications/Xcode.app/Contents/Developer/Platforms/iPhoneOS.platform/Developer/SDKs/iPhoneOS26.2.sdk -x c -c /dev/null

ExecuteExternalTool /Applications/Xcode.app/Contents/Developer/usr/bin/actool --print-asset-tag-combinations --output-format xml1 /Volumes/MySSD1/MyRAGApp/jibunAI-ios/jibunAI-ios/Resources/Assets.xcassets

ExecuteExternalTool /Applications/Xcode.app/Contents/Developer/Toolchains/XcodeDefault.xctoolchain/usr/bin/ld -version_details

ExecuteExternalTool /Applications/Xcode.app/Contents/Developer/Toolchains/XcodeDefault.xctoolchain/usr/bin/clang -v -E -dM -arch arm64 -isysroot /Applications/Xcode.app/Contents/Developer/Platforms/iPhoneOS.platform/Developer/SDKs/iPhoneOS26.2.sdk -x objective-c++ -c /dev/null

ReadFileContents /Applications/Xcode.app/Contents/Developer/Toolchains/XcodeDefault.xctoolchain/usr/share/docc/features.json

Build description signature: 0bf83e654fb83b0669434550c90f7252
Build description path: /Volumes/MySSD1/MyRAGApp/jibunAI-ios/build/XCBuildData/0bf83e654fb83b0669434550c90f7252.xcbuilddata
ClangStatCache /Applications/Xcode.app/Contents/Developer/Toolchains/XcodeDefault.xctoolchain/usr/bin/clang-stat-cache /Applications/Xcode.app/Contents/Developer/Platforms/iPhoneOS.platform/Developer/SDKs/iPhoneOS26.2.sdk /var/folders/7g/t1z0t0bs0xv6zz2xjg4ht7hr0000gn/C/com.apple.DeveloperTools/26.2-17C52/Xcode/SDKStatCaches.noindex/iphoneos26.2-23C53-3794476bd08197c3e2abd9bb477ef7f7.sdkstatcache
    cd /Volumes/MySSD1/MyRAGApp/jibunAI-ios/jibunAI-ios.xcodeproj
    /Applications/Xcode.app/Contents/Developer/Toolchains/XcodeDefault.xctoolchain/usr/bin/clang-stat-cache /Applications/Xcode.app/Contents/Developer/Platforms/iPhoneOS.platform/Developer/SDKs/iPhoneOS26.2.sdk -o /var/folders/7g/t1z0t0bs0xv6zz2xjg4ht7hr0000gn/C/com.apple.DeveloperTools/26.2-17C52/Xcode/SDKStatCaches.noindex/iphoneos26.2-23C53-3794476bd08197c3e2abd9bb477ef7f7.sdkstatcache

CreateBuildDirectory /Users/super/Library/Developer/Xcode/DerivedData/jibunAI-ios-esjtwbjjzxxjdfaqojwjhbvkcwgo/SourcePackages/checkouts/GoogleUtilities/build
    cd /Volumes/MySSD1/MyRAGApp/jibunAI-ios/jibunAI-ios.xcodeproj
    builtin-create-build-directory /Users/super/Library/Developer/Xcode/DerivedData/jibunAI-ios-esjtwbjjzxxjdfaqojwjhbvkcwgo/SourcePackages/checkouts/GoogleUtilities/build

CreateBuildDirectory /Users/super/Library/Developer/Xcode/DerivedData/jibunAI-ios-esjtwbjjzxxjdfaqojwjhbvkcwgo/SourcePackages/checkouts/GoogleSignIn-iOS/build
    cd /Volumes/MySSD1/MyRAGApp/jibunAI-ios/jibunAI-ios.xcodeproj
    builtin-create-build-directory /Users/super/Library/Developer/Xcode/DerivedData/jibunAI-ios-esjtwbjjzxxjdfaqojwjhbvkcwgo/SourcePackages/checkouts/GoogleSignIn-iOS/build

CreateBuildDirectory /Users/super/Library/Developer/Xcode/DerivedData/jibunAI-ios-esjtwbjjzxxjdfaqojwjhbvkcwgo/SourcePackages/checkouts/GoogleAppMeasurement/build
    cd /Volumes/MySSD1/MyRAGApp/jibunAI-ios/jibunAI-ios.xcodeproj
    builtin-create-build-directory /Users/super/Library/Developer/Xcode/DerivedData/jibunAI-ios-esjtwbjjzxxjdfaqojwjhbvkcwgo/SourcePackages/checkouts/GoogleAppMeasurement/build

CreateBuildDirectory /Users/super/Library/Developer/Xcode/DerivedData/jibunAI-ios-esjtwbjjzxxjdfaqojwjhbvkcwgo/SourcePackages/checkouts/GoogleDataTransport/build
    cd /Volumes/MySSD1/MyRAGApp/jibunAI-ios/jibunAI-ios.xcodeproj
    builtin-create-build-directory /Users/super/Library/Developer/Xcode/DerivedData/jibunAI-ios-esjtwbjjzxxjdfaqojwjhbvkcwgo/SourcePackages/checkouts/GoogleDataTransport/build

CreateBuildDirectory /Users/super/Library/Developer/Xcode/DerivedData/jibunAI-ios-esjtwbjjzxxjdfaqojwjhbvkcwgo/SourcePackages/checkouts/Kingfisher/build
    cd /Volumes/MySSD1/MyRAGApp/jibunAI-ios/jibunAI-ios.xcodeproj
    builtin-create-build-directory /Users/super/Library/Developer/Xcode/DerivedData/jibunAI-ios-esjtwbjjzxxjdfaqojwjhbvkcwgo/SourcePackages/checkouts/Kingfisher/build

CreateBuildDirectory /Users/super/Library/Developer/Xcode/DerivedData/jibunAI-ios-esjtwbjjzxxjdfaqojwjhbvkcwgo/SourcePackages/checkouts/firebase-ios-sdk/build
    cd /Volumes/MySSD1/MyRAGApp/jibunAI-ios/jibunAI-ios.xcodeproj
    builtin-create-build-directory /Users/super/Library/Developer/Xcode/DerivedData/jibunAI-ios-esjtwbjjzxxjdfaqojwjhbvkcwgo/SourcePackages/checkouts/firebase-ios-sdk/build

CreateBuildDirectory /Users/super/Library/Developer/Xcode/DerivedData/jibunAI-ios-esjtwbjjzxxjdfaqojwjhbvkcwgo/SourcePackages/checkouts/interop-ios-for-google-sdks/build
    cd /Volumes/MySSD1/MyRAGApp/jibunAI-ios/jibunAI-ios.xcodeproj
    builtin-create-build-directory /Users/super/Library/Developer/Xcode/DerivedData/jibunAI-ios-esjtwbjjzxxjdfaqojwjhbvkcwgo/SourcePackages/checkouts/interop-ios-for-google-sdks/build

CreateBuildDirectory /Users/super/Library/Developer/Xcode/DerivedData/jibunAI-ios-esjtwbjjzxxjdfaqojwjhbvkcwgo/SourcePackages/checkouts/line-sdk-ios-swift/build
    cd /Volumes/MySSD1/MyRAGApp/jibunAI-ios/jibunAI-ios.xcodeproj
    builtin-create-build-directory /Users/super/Library/Developer/Xcode/DerivedData/jibunAI-ios-esjtwbjjzxxjdfaqojwjhbvkcwgo/SourcePackages/checkouts/line-sdk-ios-swift/build

CreateBuildDirectory /Users/super/Library/Developer/Xcode/DerivedData/jibunAI-ios-esjtwbjjzxxjdfaqojwjhbvkcwgo/SourcePackages/checkouts/gtm-session-fetcher/build
    cd /Volumes/MySSD1/MyRAGApp/jibunAI-ios/jibunAI-ios.xcodeproj
    builtin-create-build-directory /Users/super/Library/Developer/Xcode/DerivedData/jibunAI-ios-esjtwbjjzxxjdfaqojwjhbvkcwgo/SourcePackages/checkouts/gtm-session-fetcher/build

CreateBuildDirectory /Volumes/MySSD1/MyRAGApp/jibunAI-ios/build
    cd /Volumes/MySSD1/MyRAGApp/jibunAI-ios/jibunAI-ios.xcodeproj
    builtin-create-build-directory /Volumes/MySSD1/MyRAGApp/jibunAI-ios/build

CreateBuildDirectory /Users/super/Library/Developer/Xcode/DerivedData/jibunAI-ios-esjtwbjjzxxjdfaqojwjhbvkcwgo/SourcePackages/checkouts/purchases-ios/build
    cd /Volumes/MySSD1/MyRAGApp/jibunAI-ios/jibunAI-ios.xcodeproj
    builtin-create-build-directory /Users/super/Library/Developer/Xcode/DerivedData/jibunAI-ios-esjtwbjjzxxjdfaqojwjhbvkcwgo/SourcePackages/checkouts/purchases-ios/build

CreateBuildDirectory /Users/super/Library/Developer/Xcode/DerivedData/jibunAI-ios-esjtwbjjzxxjdfaqojwjhbvkcwgo/SourcePackages/checkouts/promises/build
    cd /Volumes/MySSD1/MyRAGApp/jibunAI-ios/jibunAI-ios.xcodeproj
    builtin-create-build-directory /Users/super/Library/Developer/Xcode/DerivedData/jibunAI-ios-esjtwbjjzxxjdfaqojwjhbvkcwgo/SourcePackages/checkouts/promises/build

CreateBuildDirectory /Users/super/Library/Developer/Xcode/DerivedData/jibunAI-ios-esjtwbjjzxxjdfaqojwjhbvkcwgo/SourcePackages/checkouts/nanopb/build
    cd /Volumes/MySSD1/MyRAGApp/jibunAI-ios/jibunAI-ios.xcodeproj
    builtin-create-build-directory /Users/super/Library/Developer/Xcode/DerivedData/jibunAI-ios-esjtwbjjzxxjdfaqojwjhbvkcwgo/SourcePackages/checkouts/nanopb/build

CreateBuildDirectory /Users/super/Library/Developer/Xcode/DerivedData/jibunAI-ios-esjtwbjjzxxjdfaqojwjhbvkcwgo/SourcePackages/checkouts/KeychainAccess/build
    cd /Volumes/MySSD1/MyRAGApp/jibunAI-ios/jibunAI-ios.xcodeproj
    builtin-create-build-directory /Users/super/Library/Developer/Xcode/DerivedData/jibunAI-ios-esjtwbjjzxxjdfaqojwjhbvkcwgo/SourcePackages/checkouts/KeychainAccess/build

CreateBuildDirectory /Users/super/Library/Developer/Xcode/DerivedData/jibunAI-ios-esjtwbjjzxxjdfaqojwjhbvkcwgo/SourcePackages/checkouts/lottie-ios/build
    cd /Volumes/MySSD1/MyRAGApp/jibunAI-ios/jibunAI-ios.xcodeproj
    builtin-create-build-directory /Users/super/Library/Developer/Xcode/DerivedData/jibunAI-ios-esjtwbjjzxxjdfaqojwjhbvkcwgo/SourcePackages/checkouts/lottie-ios/build

CreateBuildDirectory /Users/super/Library/Developer/Xcode/DerivedData/jibunAI-ios-esjtwbjjzxxjdfaqojwjhbvkcwgo/SourcePackages/checkouts/GTMAppAuth/build
    cd /Volumes/MySSD1/MyRAGApp/jibunAI-ios/jibunAI-ios.xcodeproj
    builtin-create-build-directory /Users/super/Library/Developer/Xcode/DerivedData/jibunAI-ios-esjtwbjjzxxjdfaqojwjhbvkcwgo/SourcePackages/checkouts/GTMAppAuth/build

CreateBuildDirectory /Users/super/Library/Developer/Xcode/DerivedData/jibunAI-ios-esjtwbjjzxxjdfaqojwjhbvkcwgo/SourcePackages/checkouts/AppAuth-iOS/build
    cd /Volumes/MySSD1/MyRAGApp/jibunAI-ios/jibunAI-ios.xcodeproj
    builtin-create-build-directory /Users/super/Library/Developer/Xcode/DerivedData/jibunAI-ios-esjtwbjjzxxjdfaqojwjhbvkcwgo/SourcePackages/checkouts/AppAuth-iOS/build

CreateBuildDirectory /Users/super/Library/Developer/Xcode/DerivedData/jibunAI-ios-esjtwbjjzxxjdfaqojwjhbvkcwgo/SourcePackages/checkouts/nanopb/build/Release-iphoneos
    cd /Volumes/MySSD1/MyRAGApp/jibunAI-ios/jibunAI-ios.xcodeproj
    builtin-create-build-directory /Users/super/Library/Developer/Xcode/DerivedData/jibunAI-ios-esjtwbjjzxxjdfaqojwjhbvkcwgo/SourcePackages/checkouts/nanopb/build/Release-iphoneos
error: File exists but is not a directory: /Users/super/Library/Developer/Xcode/DerivedData/jibunAI-ios-esjtwbjjzxxjdfaqojwjhbvkcwgo/SourcePackages/checkouts/nanopb/build

CreateBuildDirectory /Users/super/Library/Developer/Xcode/DerivedData/jibunAI-ios-esjtwbjjzxxjdfaqojwjhbvkcwgo/SourcePackages/checkouts/nanopb/build/SwiftExplicitPrecompiledModules
    cd /Volumes/MySSD1/MyRAGApp/jibunAI-ios/jibunAI-ios.xcodeproj
    builtin-create-build-directory /Users/super/Library/Developer/Xcode/DerivedData/jibunAI-ios-esjtwbjjzxxjdfaqojwjhbvkcwgo/SourcePackages/checkouts/nanopb/build/SwiftExplicitPrecompiledModules
error: File exists but is not a directory: /Users/super/Library/Developer/Xcode/DerivedData/jibunAI-ios-esjtwbjjzxxjdfaqojwjhbvkcwgo/SourcePackages/checkouts/nanopb/build

CreateBuildDirectory /Users/super/Library/Developer/Xcode/DerivedData/jibunAI-ios-esjtwbjjzxxjdfaqojwjhbvkcwgo/SourcePackages/checkouts/line-sdk-ios-swift/build/Release-iphoneos
    cd /Volumes/MySSD1/MyRAGApp/jibunAI-ios/jibunAI-ios.xcodeproj
    builtin-create-build-directory /Users/super/Library/Developer/Xcode/DerivedData/jibunAI-ios-esjtwbjjzxxjdfaqojwjhbvkcwgo/SourcePackages/checkouts/line-sdk-ios-swift/build/Release-iphoneos

CreateBuildDirectory /Users/super/Library/Developer/Xcode/DerivedData/jibunAI-ios-esjtwbjjzxxjdfaqojwjhbvkcwgo/SourcePackages/checkouts/line-sdk-ios-swift/build/SwiftExplicitPrecompiledModules
    cd /Volumes/MySSD1/MyRAGApp/jibunAI-ios/jibunAI-ios.xcodeproj
    builtin-create-build-directory /Users/super/Library/Developer/Xcode/DerivedData/jibunAI-ios-esjtwbjjzxxjdfaqojwjhbvkcwgo/SourcePackages/checkouts/line-sdk-ios-swift/build/SwiftExplicitPrecompiledModules

CreateBuildDirectory /Users/super/Library/Developer/Xcode/DerivedData/jibunAI-ios-esjtwbjjzxxjdfaqojwjhbvkcwgo/SourcePackages/checkouts/line-sdk-ios-swift/build/ExplicitPrecompiledModules
    cd /Volumes/MySSD1/MyRAGApp/jibunAI-ios/jibunAI-ios.xcodeproj
    builtin-create-build-directory /Users/super/Library/Developer/Xcode/DerivedData/jibunAI-ios-esjtwbjjzxxjdfaqojwjhbvkcwgo/SourcePackages/checkouts/line-sdk-ios-swift/build/ExplicitPrecompiledModules

CreateBuildDirectory /Users/super/Library/Developer/Xcode/DerivedData/jibunAI-ios-esjtwbjjzxxjdfaqojwjhbvkcwgo/SourcePackages/checkouts/nanopb/build/EagerLinkingTBDs/Release-iphoneos
    cd /Volumes/MySSD1/MyRAGApp/jibunAI-ios/jibunAI-ios.xcodeproj
    builtin-create-build-directory /Users/super/Library/Developer/Xcode/DerivedData/jibunAI-ios-esjtwbjjzxxjdfaqojwjhbvkcwgo/SourcePackages/checkouts/nanopb/build/EagerLinkingTBDs/Release-iphoneos
error: File exists but is not a directory: /Users/super/Library/Developer/Xcode/DerivedData/jibunAI-ios-esjtwbjjzxxjdfaqojwjhbvkcwgo/SourcePackages/checkouts/nanopb/build/EagerLinkingTBDs

CreateBuildDirectory /Users/super/Library/Developer/Xcode/DerivedData/jibunAI-ios-esjtwbjjzxxjdfaqojwjhbvkcwgo/SourcePackages/checkouts/interop-ios-for-google-sdks/build/SwiftExplicitPrecompiledModules
    cd /Volumes/MySSD1/MyRAGApp/jibunAI-ios/jibunAI-ios.xcodeproj
    builtin-create-build-directory /Users/super/Library/Developer/Xcode/DerivedData/jibunAI-ios-esjtwbjjzxxjdfaqojwjhbvkcwgo/SourcePackages/checkouts/interop-ios-for-google-sdks/build/SwiftExplicitPrecompiledModules

CreateBuildDirectory /Users/super/Library/Developer/Xcode/DerivedData/jibunAI-ios-esjtwbjjzxxjdfaqojwjhbvkcwgo/SourcePackages/checkouts/nanopb/build/ExplicitPrecompiledModules
    cd /Volumes/MySSD1/MyRAGApp/jibunAI-ios/jibunAI-ios.xcodeproj
    builtin-create-build-directory /Users/super/Library/Developer/Xcode/DerivedData/jibunAI-ios-esjtwbjjzxxjdfaqojwjhbvkcwgo/SourcePackages/checkouts/nanopb/build/ExplicitPrecompiledModules
error: File exists but is not a directory: /Users/super/Library/Developer/Xcode/DerivedData/jibunAI-ios-esjtwbjjzxxjdfaqojwjhbvkcwgo/SourcePackages/checkouts/nanopb/build

CreateBuildDirectory /Users/super/Library/Developer/Xcode/DerivedData/jibunAI-ios-esjtwbjjzxxjdfaqojwjhbvkcwgo/SourcePackages/checkouts/line-sdk-ios-swift/build/EagerLinkingTBDs/Release-iphoneos
    cd /Volumes/MySSD1/MyRAGApp/jibunAI-ios/jibunAI-ios.xcodeproj
    builtin-create-build-directory /Users/super/Library/Developer/Xcode/DerivedData/jibunAI-ios-esjtwbjjzxxjdfaqojwjhbvkcwgo/SourcePackages/checkouts/line-sdk-ios-swift/build/EagerLinkingTBDs/Release-iphoneos

WriteAuxiliaryFile /Volumes/MySSD1/MyRAGApp/jibunAI-ios/build/jibunAI-ios.build/Debug-iphoneos/jibunAI-ios-1140e67f5a4a47a1e740f8bb53cc2fc5-VFS-iphoneos/all-product-headers.yaml
    cd /Volumes/MySSD1/MyRAGApp/jibunAI-ios/jibunAI-ios.xcodeproj
    write-file /Volumes/MySSD1/MyRAGApp/jibunAI-ios/build/jibunAI-ios.build/Debug-iphoneos/jibunAI-ios-1140e67f5a4a47a1e740f8bb53cc2fc5-VFS-iphoneos/all-product-headers.yaml

CreateBuildDirectory /Volumes/MySSD1/MyRAGApp/jibunAI-ios/build/SwiftExplicitPrecompiledModules
    cd /Volumes/MySSD1/MyRAGApp/jibunAI-ios/jibunAI-ios.xcodeproj
    builtin-create-build-directory /Volumes/MySSD1/MyRAGApp/jibunAI-ios/build/SwiftExplicitPrecompiledModules

CreateBuildDirectory /Volumes/MySSD1/MyRAGApp/jibunAI-ios/build/ExplicitPrecompiledModules
    cd /Volumes/MySSD1/MyRAGApp/jibunAI-ios/jibunAI-ios.xcodeproj
    builtin-create-build-directory /Volumes/MySSD1/MyRAGApp/jibunAI-ios/build/ExplicitPrecompiledModules

CreateBuildDirectory /Volumes/MySSD1/MyRAGApp/jibunAI-ios/build/Debug-iphoneos
    cd /Volumes/MySSD1/MyRAGApp/jibunAI-ios/jibunAI-ios.xcodeproj
    builtin-create-build-directory /Volumes/MySSD1/MyRAGApp/jibunAI-ios/build/Debug-iphoneos

CreateBuildDirectory /Volumes/MySSD1/MyRAGApp/jibunAI-ios/build/EagerLinkingTBDs/Debug-iphoneos
    cd /Volumes/MySSD1/MyRAGApp/jibunAI-ios/jibunAI-ios.xcodeproj
    builtin-create-build-directory /Volumes/MySSD1/MyRAGApp/jibunAI-ios/build/EagerLinkingTBDs/Debug-iphoneos

CreateBuildDirectory /Users/super/Library/Developer/Xcode/DerivedData/jibunAI-ios-esjtwbjjzxxjdfaqojwjhbvkcwgo/SourcePackages/checkouts/purchases-ios/build/SwiftExplicitPrecompiledModules
    cd /Volumes/MySSD1/MyRAGApp/jibunAI-ios/jibunAI-ios.xcodeproj
    builtin-create-build-directory /Users/super/Library/Developer/Xcode/DerivedData/jibunAI-ios-esjtwbjjzxxjdfaqojwjhbvkcwgo/SourcePackages/checkouts/purchases-ios/build/SwiftExplicitPrecompiledModules

** BUILD FAILED **


The following build commands failed:
	CreateBuildDirectory /Users/super/Library/Developer/Xcode/DerivedData/jibunAI-ios-esjtwbjjzxxjdfaqojwjhbvkcwgo/SourcePackages/checkouts/nanopb/build/Release-iphoneos
	CreateBuildDirectory /Users/super/Library/Developer/Xcode/DerivedData/jibunAI-ios-esjtwbjjzxxjdfaqojwjhbvkcwgo/SourcePackages/checkouts/nanopb/build/SwiftExplicitPrecompiledModules
	CreateBuildDirectory /Users/super/Library/Developer/Xcode/DerivedData/jibunAI-ios-esjtwbjjzxxjdfaqojwjhbvkcwgo/SourcePackages/checkouts/nanopb/build/EagerLinkingTBDs/Release-iphoneos
	CreateBuildDirectory /Users/super/Library/Developer/Xcode/DerivedData/jibunAI-ios-esjtwbjjzxxjdfaqojwjhbvkcwgo/SourcePackages/checkouts/nanopb/build/ExplicitPrecompiledModules
(4 failures)
